<?xml version="1.0" encoding="UTF-8"?>
<testng-results skipped="0" failed="0" ignored="0" total="1" passed="1">
  <reporter-output>
  </reporter-output>
  <suite name="Page Object Model" duration-ms="3713" started-at="2019-05-13T13:45:26Z" finished-at="2019-05-13T13:45:30Z">
    <groups>
    </groups>
    <test name="Login Test" duration-ms="3713" started-at="2019-05-13T13:45:26Z" finished-at="2019-05-13T13:45:30Z">
      <class name="com.w2a.testcases.LoginTest">
        <test-method status="PASS" signature="loginTest()[pri:0, instance:com.w2a.testcases.LoginTest@93cf163]" name="loginTest" duration-ms="3465" started-at="2019-05-13T13:45:26Z" finished-at="2019-05-13T13:45:30Z">
          <reporter-output>
          </reporter-output>
        </test-method> <!-- loginTest -->
        <test-method status="PASS" signature="tearDown()[pri:0, instance:com.w2a.testcases.LoginTest@93cf163]" name="tearDown" is-config="true" duration-ms="1012" started-at="2019-05-13T13:45:30Z" finished-at="2019-05-13T13:45:31Z">
          <reporter-output>
          </reporter-output>
        </test-method> <!-- tearDown -->
      </class> <!-- com.w2a.testcases.LoginTest -->
    </test> <!-- Login Test -->
  </suite> <!-- Page Object Model -->
</testng-results>
