<?xml version="1.0" encoding="UTF-8"?>
<testng-results skipped="0" failed="0" ignored="0" total="1" passed="1">
  <reporter-output>
  </reporter-output>
  <suite name="Page Object Model" duration-ms="3097" started-at="2019-05-13T12:43:33Z" finished-at="2019-05-13T12:43:36Z">
    <groups>
    </groups>
    <test name="Login Test" duration-ms="3097" started-at="2019-05-13T12:43:33Z" finished-at="2019-05-13T12:43:36Z">
      <class name="com.w2a.testcases.LoginTest">
        <test-method status="PASS" signature="loginTest()[pri:0, instance:com.w2a.testcases.LoginTest@42f8285e]" name="loginTest" duration-ms="2826" started-at="2019-05-13T12:43:33Z" finished-at="2019-05-13T12:43:36Z">
          <reporter-output>
          </reporter-output>
        </test-method> <!-- loginTest -->
        <test-method status="PASS" signature="tearDown()[pri:0, instance:com.w2a.testcases.LoginTest@42f8285e]" name="tearDown" is-config="true" duration-ms="994" started-at="2019-05-13T12:43:36Z" finished-at="2019-05-13T12:43:37Z">
          <reporter-output>
          </reporter-output>
        </test-method> <!-- tearDown -->
      </class> <!-- com.w2a.testcases.LoginTest -->
    </test> <!-- Login Test -->
  </suite> <!-- Page Object Model -->
</testng-results>
