<?xml version="1.0" encoding="UTF-8"?>
<testng-results skipped="0" failed="0" ignored="0" total="1" passed="1">
  <reporter-output>
  </reporter-output>
  <suite name="Page Object Model" duration-ms="3023" started-at="2019-05-13T14:20:07Z" finished-at="2019-05-13T14:20:10Z">
    <groups>
    </groups>
    <test name="Login Test" duration-ms="3023" started-at="2019-05-13T14:20:07Z" finished-at="2019-05-13T14:20:10Z">
      <class name="com.w2a.testcases.LoginTest">
        <test-method status="PASS" signature="loginTest(java.util.Hashtable)[pri:0, instance:com.w2a.testcases.LoginTest@44040454]" name="loginTest" duration-ms="2718" started-at="2019-05-13T14:20:07Z" data-provider="dp" finished-at="2019-05-13T14:20:10Z">
          <params>
            <param index="0">
              <value>
                <![CDATA[{password=Selenium@123, runmode=Y, username=george2c@optusnet.com.au}]]>
              </value>
            </param>
          </params>
          <reporter-output>
          </reporter-output>
        </test-method> <!-- loginTest -->
        <test-method status="PASS" signature="tearDown()[pri:0, instance:com.w2a.testcases.LoginTest@44040454]" name="tearDown" is-config="true" duration-ms="998" started-at="2019-05-13T14:20:10Z" finished-at="2019-05-13T14:20:11Z">
          <reporter-output>
          </reporter-output>
        </test-method> <!-- tearDown -->
      </class> <!-- com.w2a.testcases.LoginTest -->
    </test> <!-- Login Test -->
  </suite> <!-- Page Object Model -->
</testng-results>
